[2018-10-25 20:50:51,570] INFO index 8516 11564 {'test': 'True', 'a': 'a', 'b': 'test'}
[2018-10-25 20:50:52,267] INFO index 8516 11132 {'test': 'True', 'a': 'a', 'b': 'test'}
[2018-10-25 20:50:52,598] INFO index 8516 19820 {'test': 'True', 'a': 'a', 'b': 'test'}
[2018-10-25 20:50:52,766] INFO index 8516 27728 {'test': 'True', 'a': 'a', 'b': 'test'}
[2018-10-25 20:51:01,321] INFO index 4456 25864 {'test': 'True', 'a': 'a', 'b': 'test'}
[2018-10-25 20:51:07,487] INFO index 4456 2144 {'test': 'True', 'a': 'a', 'b': 'test'}
[2018-10-25 20:51:57,076] INFO index 12272 6868 {'test': 'True', 'a': 'a', 'b': 'test'}
[2018-10-25 20:51:57,076] DEBUG index 12272 6868 DEBUG
[2018-10-25 20:55:24,698] INFO index 21416 6216 {'test': 'True', 'a': 'a', 'b': 'test'}
[2018-10-25 20:55:24,698] DEBUG index 21416 6216 DEBUG
[2018-10-25 20:55:51,598] INFO index 21396 6948 {'test': 'True', 'a': 'a', 'b': 'test'}
[2018-10-25 20:55:51,598] ERROR index 21396 6948 ERROR
[2018-10-25 20:55:51,598] WARNING index 21396 6948 WARN
[2018-10-25 20:55:51,598] WARNING index 21396 6948 WARN
[2018-10-25 21:05:32,762] INFO index 8176 19264 {'test': 'True', 'a': 'a', 'b': 'test'}
[2018-10-25 21:05:32,763] ERROR index 8176 19264 ERROR
[2018-10-25 21:05:32,763] WARNING index 8176 19264 WARN
[2018-10-25 21:05:32,763] WARNING index 8176 19264 WARN
[2018-10-25 21:05:49,674] INFO index 14172 24016 {'test': 'True', 'a': 'a', 'b': 'test'}
[2018-10-25 21:05:49,674] DEBUG index 14172 24016 DEBUG
[2018-10-25 21:05:49,674] ERROR index 14172 24016 ERROR
[2018-10-25 21:05:49,674] WARNING index 14172 24016 WARN
[2018-10-25 21:05:49,675] WARNING index 14172 24016 WARN
[2018-10-25 21:07:59,283] INFO index 12136 17956 {'test': 'False', 'a': 'a', 'b': 'test_params'}
[2018-10-25 21:07:59,284] ERROR index 12136 17956 ERROR
[2018-10-25 21:07:59,284] WARNING index 12136 17956 WARN
[2018-10-25 21:07:59,284] WARNING index 12136 17956 WARN
[2018-10-25 21:08:08,949] INFO index 12136 4564 {'test': 'False', 'a': 'a', 'b': 'test_params'}
[2018-10-25 21:08:08,949] ERROR index 12136 4564 ERROR
[2018-10-25 21:08:08,949] WARNING index 12136 4564 WARN
[2018-10-25 21:08:08,949] WARNING index 12136 4564 WARN
[2018-10-25 21:08:10,173] INFO index 12136 992 {'test': 'False', 'a': 'a', 'b': 'test_params'}
[2018-10-25 21:08:10,173] ERROR index 12136 992 ERROR
[2018-10-25 21:08:10,173] WARNING index 12136 992 WARN
[2018-10-25 21:08:10,173] WARNING index 12136 992 WARN
[2018-10-25 21:08:11,266] INFO index 12136 14496 {'test': 'False', 'a': 'a', 'b': 'test_params'}
[2018-10-25 21:08:11,266] ERROR index 12136 14496 ERROR
[2018-10-25 21:08:11,266] WARNING index 12136 14496 WARN
[2018-10-25 21:08:11,266] WARNING index 12136 14496 WARN
[2018-10-25 21:08:11,686] INFO index 12136 13412 {'test': 'False', 'a': 'a', 'b': 'test_params'}
[2018-10-25 21:08:11,686] ERROR index 12136 13412 ERROR
[2018-10-25 21:08:11,687] WARNING index 12136 13412 WARN
[2018-10-25 21:08:11,687] WARNING index 12136 13412 WARN
[2018-10-25 21:08:11,902] INFO index 12136 21224 {'test': 'False', 'a': 'a', 'b': 'test_params'}
[2018-10-25 21:08:11,902] ERROR index 12136 21224 ERROR
[2018-10-25 21:08:11,902] WARNING index 12136 21224 WARN
[2018-10-25 21:08:11,902] WARNING index 12136 21224 WARN
[2018-10-25 21:08:12,101] INFO index 12136 2156 {'test': 'False', 'a': 'a', 'b': 'test_params'}
[2018-10-25 21:08:12,101] ERROR index 12136 2156 ERROR
[2018-10-25 21:08:12,101] WARNING index 12136 2156 WARN
[2018-10-25 21:08:12,101] WARNING index 12136 2156 WARN
[2018-10-25 21:08:12,285] INFO index 12136 16080 {'test': 'False', 'a': 'a', 'b': 'test_params'}
[2018-10-25 21:08:12,285] ERROR index 12136 16080 ERROR
[2018-10-25 21:08:12,285] WARNING index 12136 16080 WARN
[2018-10-25 21:08:12,285] WARNING index 12136 16080 WARN
[2018-10-25 21:08:12,456] INFO index 12136 28380 {'test': 'False', 'a': 'a', 'b': 'test_params'}
[2018-10-25 21:08:12,456] ERROR index 12136 28380 ERROR
[2018-10-25 21:08:12,456] WARNING index 12136 28380 WARN
[2018-10-25 21:08:12,456] WARNING index 12136 28380 WARN
[2018-10-25 21:08:12,628] INFO index 12136 1068 {'test': 'False', 'a': 'a', 'b': 'test_params'}
[2018-10-25 21:08:12,629] ERROR index 12136 1068 ERROR
[2018-10-25 21:08:12,629] WARNING index 12136 1068 WARN
[2018-10-25 21:08:12,629] WARNING index 12136 1068 WARN
[2018-10-25 21:08:12,789] INFO index 12136 23804 {'test': 'False', 'a': 'a', 'b': 'test_params'}
[2018-10-25 21:08:12,789] ERROR index 12136 23804 ERROR
[2018-10-25 21:08:12,790] WARNING index 12136 23804 WARN
[2018-10-25 21:08:12,790] WARNING index 12136 23804 WARN
[2018-10-25 21:08:12,974] INFO index 12136 19288 {'test': 'False', 'a': 'a', 'b': 'test_params'}
[2018-10-25 21:08:12,974] ERROR index 12136 19288 ERROR
[2018-10-25 21:08:12,974] WARNING index 12136 19288 WARN
[2018-10-25 21:08:12,974] WARNING index 12136 19288 WARN
[2018-10-25 21:08:13,111] INFO index 12136 20468 {'test': 'False', 'a': 'a', 'b': 'test_params'}
[2018-10-25 21:08:13,112] ERROR index 12136 20468 ERROR
[2018-10-25 21:08:13,112] WARNING index 12136 20468 WARN
[2018-10-25 21:08:13,112] WARNING index 12136 20468 WARN
[2018-10-25 21:08:13,285] INFO index 12136 28540 {'test': 'False', 'a': 'a', 'b': 'test_params'}
[2018-10-25 21:08:13,285] ERROR index 12136 28540 ERROR
[2018-10-25 21:08:13,285] WARNING index 12136 28540 WARN
[2018-10-25 21:08:13,286] WARNING index 12136 28540 WARN
[2018-10-25 21:08:13,438] INFO index 12136 13916 {'test': 'False', 'a': 'a', 'b': 'test_params'}
[2018-10-25 21:08:13,438] ERROR index 12136 13916 ERROR
[2018-10-25 21:08:13,438] WARNING index 12136 13916 WARN
[2018-10-25 21:08:13,438] WARNING index 12136 13916 WARN
[2018-10-25 21:08:13,615] INFO index 12136 26132 {'test': 'False', 'a': 'a', 'b': 'test_params'}
[2018-10-25 21:08:13,616] ERROR index 12136 26132 ERROR
[2018-10-25 21:08:13,616] WARNING index 12136 26132 WARN
[2018-10-25 21:08:13,616] WARNING index 12136 26132 WARN
[2018-10-25 21:08:13,788] INFO index 12136 25832 {'test': 'False', 'a': 'a', 'b': 'test_params'}
[2018-10-25 21:08:13,788] ERROR index 12136 25832 ERROR
[2018-10-25 21:08:13,788] WARNING index 12136 25832 WARN
[2018-10-25 21:08:13,788] WARNING index 12136 25832 WARN
[2018-10-25 21:08:13,961] INFO index 12136 1560 {'test': 'False', 'a': 'a', 'b': 'test_params'}
[2018-10-25 21:08:13,961] ERROR index 12136 1560 ERROR
[2018-10-25 21:08:13,961] WARNING index 12136 1560 WARN
[2018-10-25 21:08:13,961] WARNING index 12136 1560 WARN
[2018-10-25 21:08:14,143] INFO index 12136 6832 {'test': 'False', 'a': 'a', 'b': 'test_params'}
[2018-10-25 21:08:14,143] ERROR index 12136 6832 ERROR
[2018-10-25 21:08:14,143] WARNING index 12136 6832 WARN
[2018-10-25 21:08:14,143] WARNING index 12136 6832 WARN
[2018-10-25 21:08:14,341] INFO index 12136 19336 {'test': 'False', 'a': 'a', 'b': 'test_params'}
[2018-10-25 21:08:14,341] ERROR index 12136 19336 ERROR
[2018-10-25 21:08:14,341] WARNING index 12136 19336 WARN
[2018-10-25 21:08:14,341] WARNING index 12136 19336 WARN
[2018-10-25 21:08:27,806] INFO index 12136 17276 {'test': 'False', 'a': 'a', 'b': 'test_params'}
[2018-10-25 21:08:27,806] ERROR index 12136 17276 ERROR
[2018-10-25 21:08:27,806] WARNING index 12136 17276 WARN
[2018-10-25 21:08:27,806] WARNING index 12136 17276 WARN
[2018-10-25 21:08:46,359] INFO index 16360 23216 {'test': 'True', 'a': 'a', 'b': 'test'}
[2018-10-25 21:08:46,359] DEBUG index 16360 23216 DEBUG
[2018-10-25 21:08:46,359] ERROR index 16360 23216 ERROR
[2018-10-25 21:08:46,359] WARNING index 16360 23216 WARN
[2018-10-25 21:08:46,359] WARNING index 16360 23216 WARN
[2018-10-26 12:07:28,536] INFO index 5612 25452 {'test': 'True', 'a': 'a', 'b': 'test'}
[2018-10-26 12:07:28,537] DEBUG index 5612 25452 DEBUG
[2018-10-26 12:07:28,537] ERROR index 5612 25452 ERROR
[2018-10-26 12:07:28,537] WARNING index 5612 25452 WARN
[2018-10-26 12:07:28,537] WARNING index 5612 25452 WARN
[2018-10-26 12:07:47,094] INFO index 20196 9664 {'test': 'True', 'a': 'a', 'b': 'test'}
[2018-10-26 12:07:47,094] DEBUG index 20196 9664 DEBUG
[2018-10-26 12:07:47,094] ERROR index 20196 9664 ERROR
[2018-10-26 12:07:47,094] WARNING index 20196 9664 WARN
[2018-10-26 12:07:47,094] WARNING index 20196 9664 WARN
[2018-10-26 12:07:49,174] INFO index 20196 22076 {'test': 'True', 'a': 'a', 'b': 'test'}
[2018-10-26 12:07:49,174] DEBUG index 20196 22076 DEBUG
[2018-10-26 12:07:49,175] ERROR index 20196 22076 ERROR
[2018-10-26 12:07:49,175] WARNING index 20196 22076 WARN
[2018-10-26 12:07:49,175] WARNING index 20196 22076 WARN
[2018-10-26 12:07:49,559] INFO index 20196 26036 {'test': 'True', 'a': 'a', 'b': 'test'}
[2018-10-26 12:07:49,559] DEBUG index 20196 26036 DEBUG
[2018-10-26 12:07:49,559] ERROR index 20196 26036 ERROR
[2018-10-26 12:07:49,559] WARNING index 20196 26036 WARN
[2018-10-26 12:07:49,559] WARNING index 20196 26036 WARN
[2018-10-26 12:07:56,305] INFO index 20196 10064 {'test': 'True', 'a': 'a', 'b': 'test'}
[2018-10-26 12:07:56,305] DEBUG index 20196 10064 DEBUG
[2018-10-26 12:07:56,305] ERROR index 20196 10064 ERROR
[2018-10-26 12:07:56,305] WARNING index 20196 10064 WARN
[2018-10-26 12:07:56,305] WARNING index 20196 10064 WARN
[2018-10-26 12:08:26,767] INFO index 21148 12376 {'test': 'True', 'a': 'a', 'b': 'test'}
[2018-10-26 12:08:26,767] DEBUG index 21148 12376 DEBUG
[2018-10-26 12:08:26,767] ERROR index 21148 12376 ERROR
[2018-10-26 12:08:26,767] WARNING index 21148 12376 WARN
[2018-10-26 12:08:28,946] INFO index 21148 17708 {'test': 'True', 'a': 'a', 'b': 'test'}
[2018-10-26 12:08:28,946] DEBUG index 21148 17708 DEBUG
[2018-10-26 12:08:28,946] ERROR index 21148 17708 ERROR
[2018-10-26 12:08:28,946] WARNING index 21148 17708 WARN
[2018-10-26 12:08:35,938] INFO index 21148 15140 {'test': 'True', 'a': 'a', 'b': 'test'}
[2018-10-26 12:08:35,938] DEBUG index 21148 15140 DEBUG
[2018-10-26 12:08:35,938] ERROR index 21148 15140 ERROR
[2018-10-26 12:08:35,938] WARNING index 21148 15140 WARN
[2018-10-26 14:44:51,846] INFO index 19312 1860 {'foo': 'foo'}
[2018-10-26 14:44:51,846] DEBUG index 19312 1860 DEBUG
[2018-10-26 14:45:03,280] INFO index 19312 12848 {'foo': 'foo'}
[2018-10-26 14:45:03,280] DEBUG index 19312 12848 DEBUG
[2018-10-26 14:45:07,936] INFO index 19312 7208 {'foo': 'foo'}
[2018-10-26 14:45:07,937] DEBUG index 19312 7208 DEBUG
[2018-10-26 14:45:41,046] INFO index 12016 22340 {'foo': 'foo'}
[2018-10-26 14:45:41,046] DEBUG index 12016 22340 DEBUG
[2018-10-26 14:47:08,833] INFO index 16632 19328 {'foo': 'foo'}
[2018-10-26 14:47:08,833] DEBUG index 16632 19328 DEBUG
[2018-10-26 14:47:15,592] INFO index 16632 5136 {'foo': 'foo'}
[2018-10-26 14:47:15,593] DEBUG index 16632 5136 DEBUG
[2018-10-26 18:38:39,492] INFO index 11132 23836 {'foo': 'foo'}
[2018-10-26 18:38:39,492] DEBUG index 11132 23836 DEBUG
[2018-10-26 18:40:53,692] INFO index 12432 10928 {'foo': 'foo'}
[2018-10-26 18:40:53,693] DEBUG index 12432 10928 DEBUG
[2018-10-26 18:41:06,014] INFO index 27460 27532 {'foo': 'foo'}
[2018-10-26 18:41:06,015] DEBUG index 27460 27532 DEBUG
[2018-10-26 18:41:17,974] INFO index 12336 12992 {'foo': 'foo'}
[2018-10-26 18:41:17,974] DEBUG index 12336 12992 DEBUG
[2018-10-26 18:41:46,113] INFO index 12560 404 {'foo': 'foo'}
[2018-10-26 18:41:46,113] DEBUG index 12560 404 DEBUG
[2018-10-26 18:42:11,166] INFO index 23728 13876 {'foo': 'foo'}
[2018-10-26 18:42:11,167] DEBUG index 23728 13876 DEBUG
[2018-10-26 18:43:29,064] INFO index 12744 16188 {'foo': 'foo'}
[2018-10-26 18:43:29,064] DEBUG index 12744 16188 DEBUG
[2018-10-26 18:44:10,387] INFO index 18292 27052 {'foo': 'foo'}
[2018-10-26 18:44:10,387] DEBUG index 18292 27052 DEBUG
[2018-10-26 18:44:29,311] INFO index 23956 15680 {'foo': 'foo'}
[2018-10-26 18:44:29,311] DEBUG index 23956 15680 DEBUG
[2018-10-26 18:44:54,048] INFO index 24592 27764 {'foo': 'foo'}
[2018-10-26 18:44:54,048] DEBUG index 24592 27764 DEBUG
[2018-10-26 18:45:09,584] INFO index 21708 21724 {'foo': 'foo'}
[2018-10-26 18:45:09,584] DEBUG index 21708 21724 DEBUG
[2018-10-26 18:45:31,646] INFO index 10700 22880 {'foo': '999999'}
[2018-10-26 18:45:31,646] DEBUG index 10700 22880 DEBUG
[2018-10-26 18:45:43,937] INFO index 10700 28288 {'foo': '1000'}
[2018-10-26 18:45:43,937] DEBUG index 10700 28288 DEBUG
